TN:
SF:src\components\addTask.tsx
FN:8,AddTask
FN:11,(anonymous_1)
FN:26,(anonymous_2)
FNF:3
FNH:3
FNDA:22,AddTask
FNDA:3,(anonymous_1)
FNDA:16,(anonymous_2)
DA:9,22
DA:11,22
DA:12,3
DA:13,3
DA:14,3
DA:15,2
DA:16,2
DA:19,22
DA:26,16
LF:9
LH:9
BRDA:14,0,0,1
BRDA:14,0,1,2
BRF:2
BRH:2
end_of_record
TN:
SF:src\components\taskItem.tsx
FN:12,TaskItem
FN:16,(anonymous_1)
FN:27,(anonymous_2)
FN:39,(anonymous_3)
FN:55,(anonymous_4)
FN:69,(anonymous_5)
FN:69,(anonymous_6)
FN:79,(anonymous_7)
FNF:8
FNH:8
FNDA:23,TaskItem
FNDA:1,(anonymous_1)
FNDA:14,(anonymous_2)
FNDA:1,(anonymous_3)
FNDA:14,(anonymous_4)
FNDA:2,(anonymous_5)
FNDA:2,(anonymous_6)
FNDA:1,(anonymous_7)
DA:13,23
DA:14,23
DA:16,23
DA:17,1
DA:18,1
DA:19,0
DA:20,0
DA:21,0
DA:23,1
DA:24,1
DA:27,23
DA:28,14
DA:29,14
DA:30,0
DA:31,0
DA:35,23
DA:39,1
DA:55,14
DA:69,2
DA:79,1
LF:20
LH:15
BRDA:18,0,0,0
BRDA:18,0,1,1
BRDA:18,1,0,1
BRDA:18,1,1,1
BRDA:28,2,0,1
BRDA:28,2,1,13
BRDA:29,3,0,0
BRDA:29,3,1,14
BRDA:36,4,0,1
BRDA:36,4,1,22
BRDA:39,5,0,1
BRDA:39,5,1,1
BRDA:43,6,0,23
BRDA:43,6,1,1
BRDA:51,7,0,16
BRDA:51,7,1,7
BRDA:66,8,0,23
BRDA:66,8,1,22
BRF:18
BRH:16
end_of_record
TN:
SF:src\services\taskService.ts
FN:11,(anonymous_0)
FN:12,(anonymous_1)
FN:14,(anonymous_2)
FN:15,(anonymous_3)
FN:17,(anonymous_4)
FN:18,(anonymous_5)
FN:20,(anonymous_6)
FN:21,(anonymous_7)
FN:23,(anonymous_8)
FNF:9
FNH:0
FNDA:0,(anonymous_0)
FNDA:0,(anonymous_1)
FNDA:0,(anonymous_2)
FNDA:0,(anonymous_3)
FNDA:0,(anonymous_4)
FNDA:0,(anonymous_5)
FNDA:0,(anonymous_6)
FNDA:0,(anonymous_7)
FNDA:0,(anonymous_8)
DA:9,1
DA:11,1
DA:12,0
DA:14,1
DA:15,0
DA:17,1
DA:18,0
DA:20,1
DA:21,0
DA:23,1
DA:24,0
LF:11
LH:6
BRF:0
BRH:0
end_of_record
TN:
SF:src\styles\components\addTask.module.css
FNF:0
FNH:0
LF:0
LH:0
BRF:0
BRH:0
end_of_record
TN:
SF:src\styles\components\taskItem.module.css
FNF:0
FNH:0
LF:0
LH:0
BRF:0
BRH:0
end_of_record
